# JRE version: OpenJDK Runtime Environment Temurin-21.0.9+10 (21.0.9+10) (build 21.0.9+10-LTS)
# Java VM: OpenJDK 64-Bit Server VM Temurin-21.0.9+10 (21.0.9+10-LTS, mixed mode, sharing, tiered, compressed oops, compressed class ptrs, parallel gc, windows-amd64)
GC Precious Log:
 CardTable entry size: 512
 CPUs: 2 total, 2 available
 Memory: 3526M
 Large Page Support: Disabled
 NUMA Support: Disabled
 Compressed Oops: Enabled (32-bit)
 Alignments: Space 512K, Generation 512K, Heap 2M
 Heap Min Capacity: 100M
 Heap Initial Capacity: 100M
 Heap Max Capacity: 2G
 Pre-touch: Disabled
 Parallel Workers: 2
Heap:
 PSYoungGen      total 4608K, used 4379K [0x00000000d5580000, 0x00000000d5c80000, 0x0000000100000000)
  eden space 3584K, 100% used [0x00000000d5580000,0x00000000d5900000,0x00000000d5900000)
  from space 1024K, 77% used [0x00000000d5a80000,0x00000000d5b46c08,0x00000000d5b80000)
  to   space 1024K, 0% used [0x00000000d5b80000,0x00000000d5b80000,0x00000000d5c80000)
 ParOldGen       total 501248K, used 500280K [0x0000000080000000, 0x000000009e980000, 0x00000000d5580000)
  object space 501248K, 99% used [0x0000000080000000,0x000000009e88e3b8,0x000000009e980000)
 Metaspace       used 75151K, committed 76800K, reserved 1179648K
  class space    used 7955K, committed 8640K, reserved 1048576K
GC Heap History (20 events):
Event: 291.083 GC heap before
{Heap before GC invocations=837 (full 3):
 PSYoungGen      total 6656K, used 6365K [0x00000000d5580000, 0x00000000d6200000, 0x0000000100000000)
  eden space 3584K, 95% used [0x00000000d5580000,0x00000000d58dc0a8,0x00000000d5900000)
  from space 3072K, 95% used [0x00000000d5900000,0x00000000d5bdb720,0x00000000d5c00000)
  to   space 4608K, 0% used [0x00000000d5d80000,0x00000000d5d80000,0x00000000d6200000)
 ParOldGen       total 435712K, used 435577K [0x0000000080000000, 0x000000009a980000, 0x00000000d5580000)
  object space 435712K, 99% used [0x0000000080000000,0x000000009a95e770,0x000000009a980000)
 Metaspace       used 73787K, committed 75392K, reserved 1179648K
  class space    used 7821K, committed 8512K, reserved 1048576K
}
Event: 291.093 GC heap after
{Heap after GC invocations=837 (full 3):
 PSYoungGen      total 6656K, used 2661K [0x00000000d5580000, 0x00000000d6080000, 0x0000000100000000)
  eden space 3584K, 0% used [0x00000000d5580000,0x00000000d5580000,0x00000000d5900000)
  from space 3072K, 86% used [0x00000000d5d80000,0x00000000d6019690,0x00000000d6080000)
  to   space 3072K, 0% used [0x00000000d5900000,0x00000000d5900000,0x00000000d5c00000)
 ParOldGen       total 438784K, used 438276K [0x0000000080000000, 0x000000009ac80000, 0x00000000d5580000)
  object space 438784K, 99% used [0x0000000080000000,0x000000009ac01008,0x000000009ac80000)
 Metaspace       used 73787K, committed 75392K, reserved 1179648K
  class space    used 7821K, committed 8512K, reserved 1048576K
}
Event: 291.160 GC heap before
{Heap before GC invocations=838 (full 3):
 PSYoungGen      total 6656K, used 6245K [0x00000000d5580000, 0x00000000d6080000, 0x0000000100000000)
  eden space 3584K, 100% used [0x00000000d5580000,0x00000000d5900000,0x00000000d5900000)
  from space 3072K, 86% used [0x00000000d5d80000,0x00000000d6019690,0x00000000d6080000)
  to   space 3072K, 0% used [0x00000000d5900000,0x00000000d5900000,0x00000000d5c00000)
 ParOldGen       total 438784K, used 438276K [0x0000000080000000, 0x000000009ac80000, 0x00000000d5580000)
  object space 438784K, 99% used [0x0000000080000000,0x000000009ac01008,0x000000009ac80000)
 Metaspace       used 73876K, committed 75456K, reserved 1179648K
  class space    used 7823K, committed 8512K, reserved 1048576K
}
Event: 291.168 GC heap after
{Heap after GC invocations=838 (full 3):
 PSYoungGen      total 6656K, used 3044K [0x00000000d5580000, 0x00000000d6200000, 0x0000000100000000)
  eden space 3584K, 0% used [0x00000000d5580000,0x00000000d5580000,0x00000000d5900000)
  from space 3072K, 99% used [0x00000000d5900000,0x00000000d5bf9398,0x00000000d5c00000)
  to   space 4608K, 0% used [0x00000000d5d80000,0x00000000d5d80000,0x00000000d6200000)
 ParOldGen       total 439808K, used 439396K [0x0000000080000000, 0x000000009ad80000, 0x00000000d5580000)
  object space 439808K, 99% used [0x0000000080000000,0x000000009ad19008,0x000000009ad80000)
 Metaspace       used 73876K, committed 75456K, reserved 1179648K
  class space    used 7823K, committed 8512K, reserved 1048576K
}
Event: 291.461 GC heap before
{Heap before GC invocations=839 (full 3):
 PSYoungGen      total 6656K, used 6578K [0x00000000d5580000, 0x00000000d6200000, 0x0000000100000000)
  eden space 3584K, 98% used [0x00000000d5580000,0x00000000d58f35e0,0x00000000d5900000)
  from space 3072K, 99% used [0x00000000d5900000,0x00000000d5bf9398,0x00000000d5c00000)
  to   space 4608K, 0% used [0x00000000d5d80000,0x00000000d5d80000,0x00000000d6200000)
 ParOldGen       total 439808K, used 439396K [0x0000000080000000, 0x000000009ad80000, 0x00000000d5580000)
  object space 439808K, 99% used [0x0000000080000000,0x000000009ad19008,0x000000009ad80000)
 Metaspace       used 74081K, committed 75712K, reserved 1179648K
  class space    used 7849K, committed 8576K, reserved 1048576K
}
Event: 291.470 GC heap after
{Heap after GC invocations=839 (full 3):
 PSYoungGen      total 5120K, used 1169K [0x00000000d5580000, 0x00000000d5f00000, 0x0000000100000000)
  eden space 3584K, 0% used [0x00000000d5580000,0x00000000d5580000,0x00000000d5900000)
  from space 1536K, 76% used [0x00000000d5d80000,0x00000000d5ea4610,0x00000000d5f00000)
  to   space 2560K, 0% used [0x00000000d5a00000,0x00000000d5a00000,0x00000000d5c80000)
 ParOldGen       total 442368K, used 442004K [0x0000000080000000, 0x000000009b000000, 0x00000000d5580000)
  object space 442368K, 99% used [0x0000000080000000,0x000000009afa5278,0x000000009b000000)
 Metaspace       used 74081K, committed 75712K, reserved 1179648K
  class space    used 7849K, committed 8576K, reserved 1048576K
}
Event: 291.990 GC heap before
{Heap before GC invocations=840 (full 3):
 PSYoungGen      total 5120K, used 4705K [0x00000000d5580000, 0x00000000d5f00000, 0x0000000100000000)
  eden space 3584K, 98% used [0x00000000d5580000,0x00000000d58f3e58,0x00000000d5900000)
  from space 1536K, 76% used [0x00000000d5d80000,0x00000000d5ea4610,0x00000000d5f00000)
  to   space 2560K, 0% used [0x00000000d5a00000,0x00000000d5a00000,0x00000000d5c80000)
 ParOldGen       total 442368K, used 442004K [0x0000000080000000, 0x000000009b000000, 0x00000000d5580000)
  object space 442368K, 99% used [0x0000000080000000,0x000000009afa5278,0x000000009b000000)
 Metaspace       used 74164K, committed 75776K, reserved 1179648K
  class space    used 7862K, committed 8576K, reserved 1048576K
}
Event: 291.997 GC heap after
{Heap after GC invocations=840 (full 3):
 PSYoungGen      total 6144K, used 905K [0x00000000d5580000, 0x00000000d5e00000, 0x0000000100000000)
  eden space 3584K, 0% used [0x00000000d5580000,0x00000000d5580000,0x00000000d5900000)
  from space 2560K, 35% used [0x00000000d5a00000,0x00000000d5ae2640,0x00000000d5c80000)
  to   space 1536K, 0% used [0x00000000d5c80000,0x00000000d5c80000,0x00000000d5e00000)
 ParOldGen       total 443392K, used 443067K [0x0000000080000000, 0x000000009b100000, 0x00000000d5580000)
  object space 443392K, 99% used [0x0000000080000000,0x000000009b0aecc8,0x000000009b100000)
 Metaspace       used 74164K, committed 75776K, reserved 1179648K
  class space    used 7862K, committed 8576K, reserved 1048576K
}
Event: 293.207 GC heap before
{Heap before GC invocations=841 (full 3):
 PSYoungGen      total 6144K, used 4468K [0x00000000d5580000, 0x00000000d5e00000, 0x0000000100000000)
  eden space 3584K, 99% used [0x00000000d5580000,0x00000000d58fabb0,0x00000000d5900000)
  from space 2560K, 35% used [0x00000000d5a00000,0x00000000d5ae2640,0x00000000d5c80000)
  to   space 1536K, 0% used [0x00000000d5c80000,0x00000000d5c80000,0x00000000d5e00000)
 ParOldGen       total 443392K, used 443067K [0x0000000080000000, 0x000000009b100000, 0x00000000d5580000)
  object space 443392K, 99% used [0x0000000080000000,0x000000009b0aecc8,0x000000009b100000)
 Metaspace       used 74545K, committed 76096K, reserved 1179648K
  class space    used 7894K, committed 8576K, reserved 1048576K
}
Event: 293.214 GC heap after
{Heap after GC invocations=841 (full 3):
 PSYoungGen      total 4096K, used 224K [0x00000000d5580000, 0x00000000d5d00000, 0x0000000100000000)
  eden space 3584K, 0% used [0x00000000d5580000,0x00000000d5580000,0x00000000d5900000)
  from space 512K, 43% used [0x00000000d5c80000,0x00000000d5cb8000,0x00000000d5d00000)
  to   space 1024K, 0% used [0x00000000d5b00000,0x00000000d5b00000,0x00000000d5c00000)
 ParOldGen       total 443904K, used 443844K [0x0000000080000000, 0x000000009b180000, 0x00000000d5580000)
  object space 443904K, 99% used [0x0000000080000000,0x000000009b171298,0x000000009b180000)
 Metaspace       used 74545K, committed 76096K, reserved 1179648K
  class space    used 7894K, committed 8576K, reserved 1048576K
}
Event: 293.797 GC heap before
{Heap before GC invocations=842 (full 3):
 PSYoungGen      total 4096K, used 3805K [0x00000000d5580000, 0x00000000d5d00000, 0x0000000100000000)
  eden space 3584K, 99% used [0x00000000d5580000,0x00000000d58ff7f0,0x00000000d5900000)
  from space 512K, 43% used [0x00000000d5c80000,0x00000000d5cb8000,0x00000000d5d00000)
  to   space 1024K, 0% used [0x00000000d5b00000,0x00000000d5b00000,0x00000000d5c00000)
 ParOldGen       total 443904K, used 443844K [0x0000000080000000, 0x000000009b180000, 0x00000000d5580000)
  object space 443904K, 99% used [0x0000000080000000,0x000000009b171298,0x000000009b180000)
 Metaspace       used 74754K, committed 76352K, reserved 1179648K
  class space    used 7918K, committed 8640K, reserved 1048576K
}
Event: 293.803 GC heap after
{Heap after GC invocations=842 (full 3):
 PSYoungGen      total 4608K, used 878K [0x00000000d5580000, 0x00000000d5d00000, 0x0000000100000000)
  eden space 3584K, 0% used [0x00000000d5580000,0x00000000d5580000,0x00000000d5900000)
  from space 1024K, 85% used [0x00000000d5b00000,0x00000000d5bdbba0,0x00000000d5c00000)
  to   space 1024K, 0% used [0x00000000d5c00000,0x00000000d5c00000,0x00000000d5d00000)
 ParOldGen       total 444416K, used 443932K [0x0000000080000000, 0x000000009b200000, 0x00000000d5580000)
  object space 444416K, 99% used [0x0000000080000000,0x000000009b1872a8,0x000000009b200000)
 Metaspace       used 74754K, committed 76352K, reserved 1179648K
  class space    used 7918K, committed 8640K, reserved 1048576K
}
Event: 294.179 GC heap before
{Heap before GC invocations=843 (full 3):
 PSYoungGen      total 4608K, used 3819K [0x00000000d5580000, 0x00000000d5d00000, 0x0000000100000000)
  eden space 3584K, 82% used [0x00000000d5580000,0x00000000d585f338,0x00000000d5900000)
  from space 1024K, 85% used [0x00000000d5b00000,0x00000000d5bdbba0,0x00000000d5c00000)
  to   space 1024K, 0% used [0x00000000d5c00000,0x00000000d5c00000,0x00000000d5d00000)
 ParOldGen       total 444416K, used 443932K [0x0000000080000000, 0x000000009b200000, 0x00000000d5580000)
  object space 444416K, 99% used [0x0000000080000000,0x000000009b1872a8,0x000000009b200000)
 Metaspace       used 74908K, committed 76480K, reserved 1179648K
  class space    used 7929K, committed 8640K, reserved 1048576K
}
Event: 294.188 GC heap after
{Heap after GC invocations=843 (full 3):
 PSYoungGen      total 4096K, used 64K [0x00000000d5580000, 0x00000000d5c80000, 0x0000000100000000)
  eden space 3584K, 0% used [0x00000000d5580000,0x00000000d5580000,0x00000000d5900000)
  from space 512K, 12% used [0x00000000d5c00000,0x00000000d5c10000,0x00000000d5c80000)
  to   space 512K, 0% used [0x00000000d5b80000,0x00000000d5b80000,0x00000000d5c00000)
 ParOldGen       total 446464K, used 446081K [0x0000000080000000, 0x000000009b400000, 0x00000000d5580000)
  object space 446464K, 99% used [0x0000000080000000,0x000000009b3a05d8,0x000000009b400000)
 Metaspace       used 74908K, committed 76480K, reserved 1179648K
  class space    used 7929K, committed 8640K, reserved 1048576K
}
Event: 294.346 GC heap before
{Heap before GC invocations=844 (full 3):
 PSYoungGen      total 4096K, used 3391K [0x00000000d5580000, 0x00000000d5c80000, 0x0000000100000000)
  eden space 3584K, 92% used [0x00000000d5580000,0x00000000d58bfea8,0x00000000d5900000)
  from space 512K, 12% used [0x00000000d5c00000,0x00000000d5c10000,0x00000000d5c80000)
  to   space 512K, 0% used [0x00000000d5b80000,0x00000000d5b80000,0x00000000d5c00000)
 ParOldGen       total 446976K, used 446560K [0x0000000080000000, 0x000000009b480000, 0x00000000d5580000)
  object space 446976K, 99% used [0x0000000080000000,0x000000009b4180e8,0x000000009b480000)
 Metaspace       used 74920K, committed 76544K, reserved 1179648K
  class space    used 7929K, committed 8640K, reserved 1048576K
}
Event: 294.355 GC heap after
{Heap after GC invocations=844 (full 3):
 PSYoungGen      total 4096K, used 126K [0x00000000d5580000, 0x00000000d5c80000, 0x0000000100000000)
  eden space 3584K, 0% used [0x00000000d5580000,0x00000000d5580000,0x00000000d5900000)
  from space 512K, 24% used [0x00000000d5b80000,0x00000000d5b9f9b0,0x00000000d5c00000)
  to   space 512K, 0% used [0x00000000d5c00000,0x00000000d5c00000,0x00000000d5c80000)
 ParOldGen       total 448512K, used 447946K [0x0000000080000000, 0x000000009b600000, 0x00000000d5580000)
  object space 448512K, 99% used [0x0000000080000000,0x000000009b572878,0x000000009b600000)
 Metaspace       used 74920K, committed 76544K, reserved 1179648K
  class space    used 7929K, committed 8640K, reserved 1048576K
}
Event: 296.036 GC heap before
{Heap before GC invocations=845 (full 3):
 PSYoungGen      total 4096K, used 3710K [0x00000000d5580000, 0x00000000d5c80000, 0x0000000100000000)
  eden space 3584K, 100% used [0x00000000d5580000,0x00000000d5900000,0x00000000d5900000)
  from space 512K, 24% used [0x00000000d5b80000,0x00000000d5b9f9b0,0x00000000d5c00000)
  to   space 512K, 0% used [0x00000000d5c00000,0x00000000d5c00000,0x00000000d5c80000)
 ParOldGen       total 478720K, used 477631K [0x0000000080000000, 0x000000009d380000, 0x00000000d5580000)
  object space 478720K, 99% used [0x0000000080000000,0x000000009d26fc48,0x000000009d380000)
 Metaspace       used 75137K, committed 76736K, reserved 1179648K
  class space    used 7954K, committed 8640K, reserved 1048576K
}
Event: 296.041 GC heap after
{Heap after GC invocations=845 (full 3):
 PSYoungGen      total 4096K, used 502K [0x00000000d5580000, 0x00000000d5c80000, 0x0000000100000000)
  eden space 3584K, 0% used [0x00000000d5580000,0x00000000d5580000,0x00000000d5900000)
  from space 512K, 98% used [0x00000000d5c00000,0x00000000d5c7db78,0x00000000d5c80000)
  to   space 1024K, 0% used [0x00000000d5a80000,0x00000000d5a80000,0x00000000d5b80000)
 ParOldGen       total 478720K, used 477779K [0x0000000080000000, 0x000000009d380000, 0x00000000d5580000)
  object space 478720K, 99% used [0x0000000080000000,0x000000009d294e78,0x000000009d380000)
 Metaspace       used 75137K, committed 76736K, reserved 1179648K
  class space    used 7954K, committed 8640K, reserved 1048576K
}
Event: 296.687 GC heap before
{Heap before GC invocations=846 (full 3):
 PSYoungGen      total 4096K, used 4086K [0x00000000d5580000, 0x00000000d5c80000, 0x0000000100000000)
  eden space 3584K, 100% used [0x00000000d5580000,0x00000000d5900000,0x00000000d5900000)
  from space 512K, 98% used [0x00000000d5c00000,0x00000000d5c7db78,0x00000000d5c80000)
  to   space 1024K, 0% used [0x00000000d5a80000,0x00000000d5a80000,0x00000000d5b80000)
 ParOldGen       total 501248K, used 499798K [0x0000000080000000, 0x000000009e980000, 0x00000000d5580000)
  object space 501248K, 99% used [0x0000000080000000,0x000000009e8159b8,0x000000009e980000)
 Metaspace       used 75144K, committed 76736K, reserved 1179648K
  class space    used 7954K, committed 8640K, reserved 1048576K
}
Event: 296.701 GC heap after
{Heap after GC invocations=846 (full 3):
 PSYoungGen      total 4608K, used 795K [0x00000000d5580000, 0x00000000d5c80000, 0x0000000100000000)
  eden space 3584K, 0% used [0x00000000d5580000,0x00000000d5580000,0x00000000d5900000)
  from space 1024K, 77% used [0x00000000d5a80000,0x00000000d5b46c08,0x00000000d5b80000)
  to   space 1024K, 0% used [0x00000000d5b80000,0x00000000d5b80000,0x00000000d5c80000)
 ParOldGen       total 501248K, used 500280K [0x0000000080000000, 0x000000009e980000, 0x00000000d5580000)
  object space 501248K, 99% used [0x0000000080000000,0x000000009e88e3b8,0x000000009e980000)
 Metaspace       used 75144K, committed 76736K, reserved 1179648K
  class space    used 7954K, committed 8640K, reserved 1048576K
}

